<?xml version="1.0" encoding="UTF-8"?>
<!-- Generated by org.testng.reporters.JUnitReportReporter -->
<testsuite skipped="0" hostname="SY4-8D9KXT2" name="com.project.testCases.TC_UserDetailsAPI_002" tests="1" failures="0" timestamp="2020-03-09T18:42:38 CDT" time="2.979" errors="0">
  <testcase name="tc_UserDetailsAPI" time="2.979" classname="com.project.testCases.TC_UserDetailsAPI_002"/>
</testsuite> <!-- com.project.testCases.TC_UserDetailsAPI_002 -->
