<?xml version="1.0" encoding="UTF-8"?>
<!-- Generated by org.testng.reporters.JUnitReportReporter -->
<testsuite skipped="0" hostname="SY4-8D9KXT2" name="com.project.testCases.TC_GenerateSupportTicket_001" tests="1" failures="0" timestamp="2020-02-29T23:54:51 CST" time="3.997" errors="0">
  <testcase name="generateSupportTicketWeb" time="3.997" classname="com.project.testCases.TC_GenerateSupportTicket_001"/>
</testsuite> <!-- com.project.testCases.TC_GenerateSupportTicket_001 -->
